
*** Running vivado
    with args -log data_memory.vds -m64 -product Vivado -mode batch -messageDb vivado.pb -notrace -source data_memory.tcl


ECHO is off.
ECHO is off.

****** Vivado v2023.1 (64-bit)
  **** SW Build 3865809 on Sun May  7 15:05:29 MDT 2023
  **** IP Build 3864474 on Sun May  7 20:36:21 MDT 2023
  **** SharedData Build 3865790 on Sun May 07 13:33:03 MDT 2023
    ** Copyright 1986-2022 Xilinx, Inc. All Rights Reserved.
    ** Copyright 2022-2023 Advanced Micro Devices, Inc. All Rights Reserved.

source data_memory.tcl -notrace
create_project: Time (s): cpu = 00:00:00 ; elapsed = 00:00:07 . Memory (MB): peak = 450.340 ; gain = 163.000
Command: synth_design -top data_memory -part xc7z020clg484-1
Starting synth_design
Attempting to get a license for feature 'Synthesis' and/or device 'xc7z020'
INFO: [Common 17-349] Got license for feature 'Synthesis' and/or device 'xc7z020'
INFO: [Synth 8-7079] Multithreading enabled for synth_design using a maximum of 2 processes.
INFO: [Synth 8-7078] Launching helper process for spawning children vivado processes
INFO: [Synth 8-7075] Helper process launched with PID 3504
---------------------------------------------------------------------------------
Starting Synthesize : Time (s): cpu = 00:00:03 ; elapsed = 00:00:05 . Memory (MB): peak = 887.148 ; gain = 412.910
---------------------------------------------------------------------------------
INFO: [Synth 8-6157] synthesizing module 'data_memory' [D:/Projects/single_cycle_cpu/single_cycle_cpu.srcs/sources_1/new/data_memory.v:23]
INFO: [Synth 8-6155] done synthesizing module 'data_memory' (0#1) [D:/Projects/single_cycle_cpu/single_cycle_cpu.srcs/sources_1/new/data_memory.v:23]
WARNING: [Synth 8-7129] Port memread in module data_memory is either unconnected or has no load
WARNING: [Synth 8-7129] Port address[31] in module data_memory is either unconnected or has no load
WARNING: [Synth 8-7129] Port address[30] in module data_memory is either unconnected or has no load
WARNING: [Synth 8-7129] Port address[29] in module data_memory is either unconnected or has no load
WARNING: [Synth 8-7129] Port address[28] in module data_memory is either unconnected or has no load
WARNING: [Synth 8-7129] Port address[27] in module data_memory is either unconnected or has no load
WARNING: [Synth 8-7129] Port address[26] in module data_memory is either unconnected or has no load
WARNING: [Synth 8-7129] Port address[25] in module data_memory is either unconnected or has no load
WARNING: [Synth 8-7129] Port address[24] in module data_memory is either unconnected or has no load
WARNING: [Synth 8-7129] Port address[23] in module data_memory is either unconnected or has no load
WARNING: [Synth 8-7129] Port address[22] in module data_memory is either unconnected or has no load
WARNING: [Synth 8-7129] Port address[21] in module data_memory is either unconnected or has no load
WARNING: [Synth 8-7129] Port address[20] in module data_memory is either unconnected or has no load
WARNING: [Synth 8-7129] Port address[19] in module data_memory is either unconnected or has no load
WARNING: [Synth 8-7129] Port address[18] in module data_memory is either unconnected or has no load
WARNING: [Synth 8-7129] Port address[17] in module data_memory is either unconnected or has no load
WARNING: [Synth 8-7129] Port address[16] in module data_memory is either unconnected or has no load
WARNING: [Synth 8-7129] Port address[15] in module data_memory is either unconnected or has no load
WARNING: [Synth 8-7129] Port address[14] in module data_memory is either unconnected or has no load
WARNING: [Synth 8-7129] Port address[13] in module data_memory is either unconnected or has no load
WARNING: [Synth 8-7129] Port address[12] in module data_memory is either unconnected or has no load
WARNING: [Synth 8-7129] Port address[11] in module data_memory is either unconnected or has no load
WARNING: [Synth 8-7129] Port address[10] in module data_memory is either unconnected or has no load
WARNING: [Synth 8-7129] Port address[9] in module data_memory is either unconnected or has no load
WARNING: [Synth 8-7129] Port address[8] in module data_memory is either unconnected or has no load
WARNING: [Synth 8-7129] Port address[7] in module data_memory is either unconnected or has no load
WARNING: [Synth 8-7129] Port address[6] in module data_memory is either unconnected or has no load
WARNING: [Synth 8-7129] Port rst in module data_memory is either unconnected or has no load
---------------------------------------------------------------------------------
Finished Synthesize : Time (s): cpu = 00:00:04 ; elapsed = 00:00:07 . Memory (MB): peak = 977.152 ; gain = 502.914
---------------------------------------------------------------------------------
---------------------------------------------------------------------------------
Finished Constraint Validation : Time (s): cpu = 00:00:05 ; elapsed = 00:00:08 . Memory (MB): peak = 977.152 ; gain = 502.914
---------------------------------------------------------------------------------
---------------------------------------------------------------------------------
Start Loading Part and Timing Information
---------------------------------------------------------------------------------
Loading part: xc7z020clg484-1
---------------------------------------------------------------------------------
INFO: [Device 21-403] Loading part xc7z020clg484-1
Finished Loading Part and Timing Information : Time (s): cpu = 00:00:05 ; elapsed = 00:00:08 . Memory (MB): peak = 977.152 ; gain = 502.914
---------------------------------------------------------------------------------
---------------------------------------------------------------------------------
Finished RTL Optimization Phase 2 : Time (s): cpu = 00:00:05 ; elapsed = 00:00:08 . Memory (MB): peak = 977.152 ; gain = 502.914
---------------------------------------------------------------------------------
No constraint files found.
---------------------------------------------------------------------------------
Start RTL Component Statistics 
---------------------------------------------------------------------------------
Detailed RTL Component Info : 
---------------------------------------------------------------------------------
Finished RTL Component Statistics 
---------------------------------------------------------------------------------
---------------------------------------------------------------------------------
Start Part Resource Summary
---------------------------------------------------------------------------------
Part Resources:
DSPs: 220 (col length:60)
BRAMs: 280 (col length: RAMB18 60 RAMB36 30)
---------------------------------------------------------------------------------
Finished Part Resource Summary
---------------------------------------------------------------------------------
No constraint files found.
---------------------------------------------------------------------------------
Start Cross Boundary and Area Optimization
---------------------------------------------------------------------------------
WARNING: [Synth 8-7080] Parallel synthesis criteria is not met
WARNING: [Synth 8-7129] Port memread in module data_memory is either unconnected or has no load
WARNING: [Synth 8-7129] Port address[31] in module data_memory is either unconnected or has no load
WARNING: [Synth 8-7129] Port address[30] in module data_memory is either unconnected or has no load
WARNING: [Synth 8-7129] Port address[29] in module data_memory is either unconnected or has no load
WARNING: [Synth 8-7129] Port address[28] in module data_memory is either unconnected or has no load
WARNING: [Synth 8-7129] Port address[27] in module data_memory is either unconnected or has no load
WARNING: [Synth 8-7129] Port address[26] in module data_memory is either unconnected or has no load
WARNING: [Synth 8-7129] Port address[25] in module data_memory is either unconnected or has no load
WARNING: [Synth 8-7129] Port address[24] in module data_memory is either unconnected or has no load
WARNING: [Synth 8-7129] Port address[23] in module data_memory is either unconnected or has no load
WARNING: [Synth 8-7129] Port address[22] in module data_memory is either unconnected or has no load
WARNING: [Synth 8-7129] Port address[21] in module data_memory is either unconnected or has no load
WARNING: [Synth 8-7129] Port address[20] in module data_memory is either unconnected or has no load
WARNING: [Synth 8-7129] Port address[19] in module data_memory is either unconnected or has no load
WARNING: [Synth 8-7129] Port address[18] in module data_memory is either unconnected or has no load
WARNING: [Synth 8-7129] Port address[17] in module data_memory is either unconnected or has no load
WARNING: [Synth 8-7129] Port address[16] in module data_memory is either unconnected or has no load
WARNING: [Synth 8-7129] Port address[15] in module data_memory is either unconnected or has no load
WARNING: [Synth 8-7129] Port address[14] in module data_memory is either unconnected or has no load
WARNING: [Synth 8-7129] Port address[13] in module data_memory is either unconnected or has no load
WARNING: [Synth 8-7129] Port address[12] in module data_memory is either unconnected or has no load
WARNING: [Synth 8-7129] Port address[11] in module data_memory is either unconnected or has no load
WARNING: [Synth 8-7129] Port address[10] in module data_memory is either unconnected or has no load
WARNING: [Synth 8-7129] Port address[9] in module data_memory is either unconnected or has no load
WARNING: [Synth 8-7129] Port address[8] in module data_memory is either unconnected or has no load
WARNING: [Synth 8-7129] Port address[7] in module data_memory is either unconnected or has no load
WARNING: [Synth 8-7129] Port address[6] in module data_memory is either unconnected or has no load
WARNING: [Synth 8-7129] Port rst in module data_memory is either unconnected or has no load
---------------------------------------------------------------------------------
Finished Cross Boundary and Area Optimization : Time (s): cpu = 00:00:05 ; elapsed = 00:00:13 . Memory (MB): peak = 1186.574 ; gain = 712.336
---------------------------------------------------------------------------------
---------------------------------------------------------------------------------
Start ROM, RAM, DSP, Shift Register and Retiming Reporting
---------------------------------------------------------------------------------

Distributed RAM: Preliminary Mapping Report (see note below)
+------------+----------------+-----------+----------------------+----------------+
|Module Name | RTL Object     | Inference | Size (Depth x Width) | Primitives     | 
+------------+----------------+-----------+----------------------+----------------+
|data_memory | datamemory_reg | Implied   | 64 x 32              | RAM64X1S x 32  | 
+------------+----------------+-----------+----------------------+----------------+

Note: The table above is a preliminary report that shows the Distributed RAMs at the current stage of the synthesis flow. Some Distributed RAMs may be reimplemented as non Distributed RAM primitives later in the synthesis flow. Multiple instantiated RAMs are reported only once.
---------------------------------------------------------------------------------
Finished ROM, RAM, DSP, Shift Register and Retiming Reporting
---------------------------------------------------------------------------------
No constraint files found.
---------------------------------------------------------------------------------
Start Timing Optimization
---------------------------------------------------------------------------------
---------------------------------------------------------------------------------
Finished Timing Optimization : Time (s): cpu = 00:00:05 ; elapsed = 00:00:13 . Memory (MB): peak = 1187.457 ; gain = 713.219
---------------------------------------------------------------------------------
---------------------------------------------------------------------------------
Start ROM, RAM, DSP, Shift Register and Retiming Reporting
---------------------------------------------------------------------------------

Distributed RAM: Final Mapping Report
+------------+----------------+-----------+----------------------+----------------+
|Module Name | RTL Object     | Inference | Size (Depth x Width) | Primitives     | 
+------------+----------------+-----------+----------------------+----------------+
|data_memory | datamemory_reg | Implied   | 64 x 32              | RAM64X1S x 32  | 
+------------+----------------+-----------+----------------------+----------------+

---------------------------------------------------------------------------------
Finished ROM, RAM, DSP, Shift Register and Retiming Reporting
---------------------------------------------------------------------------------
---------------------------------------------------------------------------------
Start Technology Mapping
---------------------------------------------------------------------------------
---------------------------------------------------------------------------------
Finished Technology Mapping : Time (s): cpu = 00:00:05 ; elapsed = 00:00:13 . Memory (MB): peak = 1187.457 ; gain = 713.219
---------------------------------------------------------------------------------
---------------------------------------------------------------------------------
Start IO Insertion
---------------------------------------------------------------------------------
---------------------------------------------------------------------------------
Start Flattening Before IO Insertion
---------------------------------------------------------------------------------
---------------------------------------------------------------------------------
Finished Flattening Before IO Insertion
---------------------------------------------------------------------------------
---------------------------------------------------------------------------------
Start Final Netlist Cleanup
---------------------------------------------------------------------------------
---------------------------------------------------------------------------------
Finished Final Netlist Cleanup
---------------------------------------------------------------------------------
---------------------------------------------------------------------------------
Finished IO Insertion : Time (s): cpu = 00:00:07 ; elapsed = 00:00:18 . Memory (MB): peak = 1188.457 ; gain = 714.219
---------------------------------------------------------------------------------
---------------------------------------------------------------------------------
Start Renaming Generated Instances
---------------------------------------------------------------------------------
---------------------------------------------------------------------------------
Finished Renaming Generated Instances : Time (s): cpu = 00:00:07 ; elapsed = 00:00:18 . Memory (MB): peak = 1188.457 ; gain = 714.219
---------------------------------------------------------------------------------
---------------------------------------------------------------------------------
Start Rebuilding User Hierarchy
---------------------------------------------------------------------------------
---------------------------------------------------------------------------------
Finished Rebuilding User Hierarchy : Time (s): cpu = 00:00:07 ; elapsed = 00:00:18 . Memory (MB): peak = 1188.457 ; gain = 714.219
---------------------------------------------------------------------------------
---------------------------------------------------------------------------------
Start Renaming Generated Ports
---------------------------------------------------------------------------------
---------------------------------------------------------------------------------
Finished Renaming Generated Ports : Time (s): cpu = 00:00:07 ; elapsed = 00:00:18 . Memory (MB): peak = 1188.457 ; gain = 714.219
---------------------------------------------------------------------------------
---------------------------------------------------------------------------------
Start Handling Custom Attributes
---------------------------------------------------------------------------------
---------------------------------------------------------------------------------
Finished Handling Custom Attributes : Time (s): cpu = 00:00:07 ; elapsed = 00:00:18 . Memory (MB): peak = 1188.457 ; gain = 714.219
---------------------------------------------------------------------------------
---------------------------------------------------------------------------------
Start Renaming Generated Nets
---------------------------------------------------------------------------------
---------------------------------------------------------------------------------
Finished Renaming Generated Nets : Time (s): cpu = 00:00:07 ; elapsed = 00:00:18 . Memory (MB): peak = 1188.457 ; gain = 714.219
---------------------------------------------------------------------------------
---------------------------------------------------------------------------------
Start Writing Synthesis Report
---------------------------------------------------------------------------------

Report BlackBoxes: 
+-+--------------+----------+
| |BlackBox name |Instances |
+-+--------------+----------+
+-+--------------+----------+

Report Cell Usage: 
+------+---------+------+
|      |Cell     |Count |
+------+---------+------+
|1     |BUFG     |     1|
|2     |RAM64X1S |    32|
|3     |IBUF     |    40|
|4     |OBUF     |    32|
+------+---------+------+

Report Instance Areas: 
+------+---------+-------+------+
|      |Instance |Module |Cells |
+------+---------+-------+------+
|1     |top      |       |   105|
+------+---------+-------+------+
---------------------------------------------------------------------------------
Finished Writing Synthesis Report : Time (s): cpu = 00:00:07 ; elapsed = 00:00:18 . Memory (MB): peak = 1188.457 ; gain = 714.219
---------------------------------------------------------------------------------
Synthesis finished with 0 errors, 0 critical warnings and 57 warnings.
Synthesis Optimization Runtime : Time (s): cpu = 00:00:07 ; elapsed = 00:00:18 . Memory (MB): peak = 1188.457 ; gain = 714.219
Synthesis Optimization Complete : Time (s): cpu = 00:00:07 ; elapsed = 00:00:18 . Memory (MB): peak = 1188.457 ; gain = 714.219
INFO: [Project 1-571] Translating synthesized netlist
Netlist sorting complete. Time (s): cpu = 00:00:00 ; elapsed = 00:00:00.001 . Memory (MB): peak = 1200.582 ; gain = 0.000
INFO: [Netlist 29-17] Analyzing 32 Unisim elements for replacement
INFO: [Netlist 29-28] Unisim Transformation completed in 0 CPU seconds
INFO: [Project 1-570] Preparing netlist for logic optimization
INFO: [Opt 31-138] Pushed 0 inverter(s) to 0 load pin(s).
Netlist sorting complete. Time (s): cpu = 00:00:00 ; elapsed = 00:00:00 . Memory (MB): peak = 1301.879 ; gain = 0.000
INFO: [Project 1-111] Unisim Transformation Summary:
  A total of 32 instances were transformed.
  RAM64X1S => RAM64X1S (RAMS64E): 32 instances

Synth Design complete | Checksum: 613d693
INFO: [Common 17-83] Releasing license: Synthesis
14 Infos, 57 Warnings, 0 Critical Warnings and 0 Errors encountered.
synth_design completed successfully
synth_design: Time (s): cpu = 00:00:08 ; elapsed = 00:00:32 . Memory (MB): peak = 1301.879 ; gain = 851.539
INFO: [Common 17-1381] The checkpoint 'D:/Projects/single_cycle_cpu/single_cycle_cpu.runs/synth_1/data_memory.dcp' has been generated.
INFO: [runtcl-4] Executing : report_utilization -file data_memory_utilization_synth.rpt -pb data_memory_utilization_synth.pb
INFO: [Common 17-206] Exiting Vivado at Mon Sep 25 17:16:13 2023...
